<?xml version="1.0" encoding="UTF-8"?>
<!-- Generated by org.testng.reporters.JUnitReportReporter -->
<testsuite hostname="DESKTOP-9UKUBFI" failures="0" tests="3" name="testNgPrograms.NewTest" time="0.007" errors="0" timestamp="2024-02-01T16:15:16 IST" skipped="0">
  <testcase classname="testNgPrograms.NewTest" name="first" time="0.002"/>
  <testcase classname="testNgPrograms.NewTest" name="third" time="0.001"/>
  <testcase classname="testNgPrograms.NewTest" name="second" time="0.004"/>
</testsuite> <!-- testNgPrograms.NewTest -->
