<?xml version="1.0" encoding="UTF-8"?>
<!-- Generated by org.testng.reporters.JUnitReportReporter -->
<testsuite hostname="DESKTOP-9UKUBFI" failures="0" tests="100" name="day11.InnvocationCount" time="0.448" errors="0" timestamp="2024-02-02T16:15:05 IST" skipped="0">
  <testcase classname="day11.InnvocationCount" name="print" time="0.017"/>
  <testcase classname="day11.InnvocationCount" name="print" time="0.005"/>
  <testcase classname="day11.InnvocationCount" name="print" time="0.011"/>
  <testcase classname="day11.InnvocationCount" name="print" time="0.008"/>
  <testcase classname="day11.InnvocationCount" name="print" time="0.003"/>
  <testcase classname="day11.InnvocationCount" name="print" time="0.004"/>
  <testcase classname="day11.InnvocationCount" name="print" time="0.019"/>
  <testcase classname="day11.InnvocationCount" name="print" time="0.005"/>
  <testcase classname="day11.InnvocationCount" name="print" time="0.003"/>
  <testcase classname="day11.InnvocationCount" name="print" time="0.019"/>
  <testcase classname="day11.InnvocationCount" name="print" time="0.001"/>
  <testcase classname="day11.InnvocationCount" name="print" time="0.003"/>
  <testcase classname="day11.InnvocationCount" name="print" time="0.003"/>
  <testcase classname="day11.InnvocationCount" name="print" time="0.005"/>
  <testcase classname="day11.InnvocationCount" name="print" time="0.003"/>
  <testcase classname="day11.InnvocationCount" name="print" time="0.001"/>
  <testcase classname="day11.InnvocationCount" name="print" time="0.005"/>
  <testcase classname="day11.InnvocationCount" name="print" time="0.003"/>
  <testcase classname="day11.InnvocationCount" name="print" time="0.003"/>
  <testcase classname="day11.InnvocationCount" name="print" time="0.002"/>
  <testcase classname="day11.InnvocationCount" name="print" time="0.001"/>
  <testcase classname="day11.InnvocationCount" name="print" time="0.004"/>
  <testcase classname="day11.InnvocationCount" name="print" time="0.006"/>
  <testcase classname="day11.InnvocationCount" name="print" time="0.001"/>
  <testcase classname="day11.InnvocationCount" name="print" time="0.001"/>
  <testcase classname="day11.InnvocationCount" name="print" time="0.004"/>
  <testcase classname="day11.InnvocationCount" name="print" time="0.009"/>
  <testcase classname="day11.InnvocationCount" name="print" time="0.002"/>
  <testcase classname="day11.InnvocationCount" name="print" time="0.001"/>
  <testcase classname="day11.InnvocationCount" name="print" time="0.001"/>
  <testcase classname="day11.InnvocationCount" name="print" time="0.021"/>
  <testcase classname="day11.InnvocationCount" name="print" time="0.002"/>
  <testcase classname="day11.InnvocationCount" name="print" time="0.002"/>
  <testcase classname="day11.InnvocationCount" name="print" time="0.003"/>
  <testcase classname="day11.InnvocationCount" name="print" time="0.002"/>
  <testcase classname="day11.InnvocationCount" name="print" time="0.002"/>
  <testcase classname="day11.InnvocationCount" name="print" time="0.001"/>
  <testcase classname="day11.InnvocationCount" name="print" time="0.006"/>
  <testcase classname="day11.InnvocationCount" name="print" time="0.001"/>
  <testcase classname="day11.InnvocationCount" name="print" time="0.008"/>
  <testcase classname="day11.InnvocationCount" name="print" time="0.001"/>
  <testcase classname="day11.InnvocationCount" name="print" time="0.004"/>
  <testcase classname="day11.InnvocationCount" name="print" time="0.002"/>
  <testcase classname="day11.InnvocationCount" name="print" time="0.004"/>
  <testcase classname="day11.InnvocationCount" name="print" time="0.001"/>
  <testcase classname="day11.InnvocationCount" name="print" time="0.004"/>
  <testcase classname="day11.InnvocationCount" name="print" time="0.001"/>
  <testcase classname="day11.InnvocationCount" name="print" time="0.001"/>
  <testcase classname="day11.InnvocationCount" name="print" time="0.001"/>
  <testcase classname="day11.InnvocationCount" name="print" time="0.002"/>
  <testcase classname="day11.InnvocationCount" name="print" time="0.001"/>
  <testcase classname="day11.InnvocationCount" name="print" time="0.002"/>
  <testcase classname="day11.InnvocationCount" name="print" time="0.007"/>
  <testcase classname="day11.InnvocationCount" name="print" time="0.009"/>
  <testcase classname="day11.InnvocationCount" name="print" time="0.004"/>
  <testcase classname="day11.InnvocationCount" name="print" time="0.002"/>
  <testcase classname="day11.InnvocationCount" name="print" time="0.002"/>
  <testcase classname="day11.InnvocationCount" name="print" time="0.011"/>
  <testcase classname="day11.InnvocationCount" name="print" time="0.006"/>
  <testcase classname="day11.InnvocationCount" name="print" time="0.002"/>
  <testcase classname="day11.InnvocationCount" name="print" time="0.005"/>
  <testcase classname="day11.InnvocationCount" name="print" time="0.008"/>
  <testcase classname="day11.InnvocationCount" name="print" time="0.004"/>
  <testcase classname="day11.InnvocationCount" name="print" time="0.010"/>
  <testcase classname="day11.InnvocationCount" name="print" time="0.002"/>
  <testcase classname="day11.InnvocationCount" name="print" time="0.004"/>
  <testcase classname="day11.InnvocationCount" name="print" time="0.008"/>
  <testcase classname="day11.InnvocationCount" name="print" time="0.002"/>
  <testcase classname="day11.InnvocationCount" name="print" time="0.008"/>
  <testcase classname="day11.InnvocationCount" name="print" time="0.005"/>
  <testcase classname="day11.InnvocationCount" name="print" time="0.010"/>
  <testcase classname="day11.InnvocationCount" name="print" time="0.004"/>
  <testcase classname="day11.InnvocationCount" name="print" time="0.001"/>
  <testcase classname="day11.InnvocationCount" name="print" time="0.002"/>
  <testcase classname="day11.InnvocationCount" name="print" time="0.003"/>
  <testcase classname="day11.InnvocationCount" name="print" time="0.003"/>
  <testcase classname="day11.InnvocationCount" name="print" time="0.006"/>
  <testcase classname="day11.InnvocationCount" name="print" time="0.001"/>
  <testcase classname="day11.InnvocationCount" name="print" time="0.004"/>
  <testcase classname="day11.InnvocationCount" name="print" time="0.001"/>
  <testcase classname="day11.InnvocationCount" name="print" time="0.008"/>
  <testcase classname="day11.InnvocationCount" name="print" time="0.010"/>
  <testcase classname="day11.InnvocationCount" name="print" time="0.005"/>
  <testcase classname="day11.InnvocationCount" name="print" time="0.002"/>
  <testcase classname="day11.InnvocationCount" name="print" time="0.004"/>
  <testcase classname="day11.InnvocationCount" name="print" time="0.006"/>
  <testcase classname="day11.InnvocationCount" name="print" time="0.001"/>
  <testcase classname="day11.InnvocationCount" name="print" time="0.001"/>
  <testcase classname="day11.InnvocationCount" name="print" time="0.003"/>
  <testcase classname="day11.InnvocationCount" name="print" time="0.004"/>
  <testcase classname="day11.InnvocationCount" name="print" time="0.007"/>
  <testcase classname="day11.InnvocationCount" name="print" time="0.002"/>
  <testcase classname="day11.InnvocationCount" name="print" time="0.003"/>
  <testcase classname="day11.InnvocationCount" name="print" time="0.003"/>
  <testcase classname="day11.InnvocationCount" name="print" time="0.002"/>
  <testcase classname="day11.InnvocationCount" name="print" time="0.003"/>
  <testcase classname="day11.InnvocationCount" name="print" time="0.002"/>
  <testcase classname="day11.InnvocationCount" name="print" time="0.002"/>
  <testcase classname="day11.InnvocationCount" name="print" time="0.004"/>
  <testcase classname="day11.InnvocationCount" name="print" time="0.017"/>
</testsuite> <!-- day11.InnvocationCount -->
