<?xml version="1.0" encoding="UTF-8"?>
<!-- Generated by org.testng.reporters.JUnitReportReporter -->
<testsuite hostname="DESKTOP-9UKUBFI" failures="0" tests="2" name="testNgPrograms.AnnotationsMethod" time="0.032" errors="0" timestamp="2024-02-01T16:15:16 IST" skipped="0">
  <testcase classname="testNgPrograms.AnnotationsMethod" name="test2" time="0.015"/>
  <testcase classname="testNgPrograms.AnnotationsMethod" name="test1" time="0.017"/>
</testsuite> <!-- testNgPrograms.AnnotationsMethod -->
