<?xml version="1.0" encoding="UTF-8"?>
<!-- Generated by org.testng.reporters.JUnitReportReporter -->
<testsuite hostname="DESKTOP-9UKUBFI" failures="0" tests="2" name="testNgPrograms.AllAnnotations" time="0.033" errors="0" timestamp="2024-02-01T16:15:16 IST" skipped="0">
  <testcase classname="testNgPrograms.AllAnnotations" name="tm1" time="0.026"/>
  <testcase classname="testNgPrograms.AllAnnotations" name="tm2" time="0.007"/>
</testsuite> <!-- testNgPrograms.AllAnnotations -->
