<?xml version="1.0" encoding="UTF-8"?>
<!-- Generated by org.testng.reporters.JUnitReportReporter -->
<testsuite hostname="DESKTOP-9UKUBFI" failures="0" tests="2" name="testNgPrograms.Annotations" time="0.050" errors="0" timestamp="2024-02-01T16:05:52 IST" skipped="0">
  <testcase classname="testNgPrograms.Annotations" name="test1" time="0.027"/>
  <testcase classname="testNgPrograms.Annotations" name="test2" time="0.023"/>
</testsuite> <!-- testNgPrograms.Annotations -->
