<?xml version="1.0" encoding="UTF-8"?>
<!-- Generated by org.testng.reporters.JUnitReportReporter -->
<testsuite hostname="DESKTOP-9UKUBFI" failures="0" tests="3" name="day10.Grouping" time="0.032" errors="0" timestamp="2024-02-02T10:34:35 IST" skipped="0">
  <testcase classname="day10.Grouping" name="Signup2" time="0.021"/>
  <testcase classname="day10.Grouping" name="Signup3" time="0.004"/>
  <testcase classname="day10.Grouping" name="ReturnBank" time="0.007"/>
</testsuite> <!-- day10.Grouping -->
