<?xml version="1.0" encoding="UTF-8"?>
<!-- Generated by org.testng.reporters.JUnitReportReporter -->
<testsuite hostname="DESKTOP-9UKUBFI" failures="0" tests="2" name="testNgPrograms.AnnotationsClass" time="0.008" errors="0" timestamp="2024-02-01T16:15:16 IST" skipped="0">
  <testcase classname="testNgPrograms.AnnotationsClass" name="test1" time="0.005"/>
  <testcase classname="testNgPrograms.AnnotationsClass" name="test2" time="0.003"/>
</testsuite> <!-- testNgPrograms.AnnotationsClass -->
