<?xml version="1.0" encoding="UTF-8"?>
<!-- Generated by org.testng.reporters.JUnitReportReporter -->
<testsuite hostname="DESKTOP-9UKUBFI" failures="0" tests="3" name="day12TestNg.NopCommerce" time="14.848" errors="0" timestamp="2024-02-03T16:42:20 IST" skipped="0">
  <testcase classname="day12TestNg.NopCommerce" name="testLogo" time="0.161"/>
  <testcase classname="day12TestNg.NopCommerce" name="testLogin" time="9.928"/>
  <testcase classname="day12TestNg.NopCommerce" name="testLogout" time="4.759"/>
</testsuite> <!-- day12TestNg.NopCommerce -->
