<?xml version="1.0" encoding="UTF-8"?>
<!-- Generated by org.testng.reporters.JUnitReportReporter -->
<testsuite hostname="DESKTOP-9UKUBFI" failures="0" tests="1" name="day9.HardVsSoftAssertions" time="0.014" errors="0" timestamp="2024-02-01T17:26:35 IST" skipped="0">
  <testcase classname="day9.HardVsSoftAssertions" name="test_softassertions" time="0.014"/>
</testsuite> <!-- day9.HardVsSoftAssertions -->
