<?xml version="1.0" encoding="UTF-8"?>
<!-- Generated by org.testng.reporters.JUnitReportReporter -->
<testsuite hostname="DESKTOP-9UKUBFI" failures="0" tests="2" name="pageObjectModel.Login" time="1.919" errors="0" timestamp="2024-02-03T21:49:31 IST" skipped="0">
  <testcase classname="pageObjectModel.Login" name="testLogo" time="0.175"/>
  <testcase classname="pageObjectModel.Login" name="testLogin" time="1.744"/>
</testsuite> <!-- pageObjectModel.Login -->
